#
# A fatal error has been detected by the Java Runtime Environment:
#
#  EXCEPTION_ACCESS_VIOLATION (0xc0000005) at pc=0x00000000535f82b5, pid=1880, tid=7436
#
# JRE version: Java(TM) SE Runtime Environment (8.0_45-b15) (build 1.8.0_45-b15)
# Java VM: Java HotSpot(TM) 64-Bit Server VM (25.45-b02 mixed mode windows-amd64 compressed oops)
# Problematic frame:
# V  [jvm.dll+0x1282b5]
#
# Failed to write core dump. Minidumps are not enabled by default on client versions of Windows
#
# If you would like to submit a bug report, please visit:
#   http://bugreport.java.com/bugreport/crash.jsp
#

---------------  T H R E A D  ---------------

Current thread (0x00000000149a7000):  JavaThread "JDWP Transport Listener: dt_socket" daemon [_thread_in_vm, id=7436, stack(0x00000000161d0000,0x00000000162d0000)]

siginfo: ExceptionCode=0xc0000005, reading address 0xffffffffffffffff

Registers:
RAX=0x00000000162cf501, RBX=0x00000000149a7000, RCX=0x65466e6165425800, RDX=0x0000000000000000
RSP=0x00000000162cf590, RBP=0x65466e6165425800, RSI=0x00000000162cf6a8, RDI=0x00000000007bd4c0
R8 =0x00000000149a7000, R9 =0x0000000000008000, R10=0x0000000000000000, R11=0x0000000018b4eaa4
R12=0x0000000000000000, R13=0x00000000149a7e98, R14=0x0000000000000000, R15=0x0000000000000000
RIP=0x00000000535f82b5, EFLAGS=0x0000000000010206

Top of Stack: (sp=0x00000000162cf590)
0x00000000162cf590:   00000000149a7000 00000000149a7000
0x00000000162cf5a0:   00000000162cf658 00000000537fc7db
0x00000000162cf5b0:   00000000149a7000 000000005381903d
0x00000000162cf5c0:   0000000000000000 0000000053469155
0x00000000162cf5d0:   000000001e035e58 000000005347291e
0x00000000162cf5e0:   00000000149a7000 0000000000000000
0x00000000162cf5f0:   0000000000000000 0000000000000000
0x00000000162cf600:   65466e6165425800 0000000053471a15
0x00000000162cf610:   00000000162cf6a8 00000000162cf680
0x00000000162cf620:   0000000000000001 000000001e035e58
0x00000000162cf630:   65466e6165425800 00000000534553b3
0x00000000162cf640:   00000000162cf770 0000000000000001
0x00000000162cf650:   0000000000000001 000000001e035e58
0x00000000162cf660:   00000000f000100a 0000000000000000
0x00000000162cf670:   0000000000000000 0000000000000000
0x00000000162cf680:   0000000000000001 0000000053455571 

Instructions: (pc=0x00000000535f82b5)
0x00000000535f8295:   cc cc cc cc cc cc cc cc cc cc cc 48 83 ec 28 48
0x00000000535f82a5:   85 c9 75 07 33 c0 48 83 c4 28 c3 48 89 5c 24 20
0x00000000535f82b5:   48 8b 19 48 85 db 74 20 48 83 fb 37 74 1a 48 8b
0x00000000535f82c5:   13 48 8b cb ff 52 10 84 c0 74 0d 48 8b c3 48 8b 


Register to memory mapping:

RAX=0x00000000162cf501 is pointing into the stack for thread: 0x00000000149a7000
RBX=0x00000000149a7000 is a thread
RCX=0x65466e6165425800 is an unknown value
RDX=0x0000000000000000 is an unknown value
RSP=0x00000000162cf590 is pointing into the stack for thread: 0x00000000149a7000
RBP=0x65466e6165425800 is an unknown value
RSI=0x00000000162cf6a8 is pointing into the stack for thread: 0x00000000149a7000
RDI=0x00000000007bd4c0 is an unknown value
R8 =0x00000000149a7000 is a thread
R9 =0x0000000000008000 is an unknown value
R10=0x0000000000000000 is an unknown value
R11=0x0000000018b4eaa4 is an unknown value
R12=0x0000000000000000 is an unknown value
R13=0x00000000149a7e98 is an unknown value
R14=0x0000000000000000 is an unknown value
R15=0x0000000000000000 is an unknown value


Stack: [0x00000000161d0000,0x00000000162d0000],  sp=0x00000000162cf590,  free space=1021k
Native frames: (J=compiled Java code, j=interpreted, Vv=VM code, C=native code)
V  [jvm.dll+0x1282b5]
V  [jvm.dll+0x34903d]
C  [jdwp.dll+0x21a15]
C  [jdwp.dll+0x53b3]
C  [jdwp.dll+0x5571]
C  [jdwp.dll+0xf0a8]
C  [jdwp.dll+0x1f2d5]
C  [jdwp.dll+0x1f4aa]
V  [jvm.dll+0x1bae98]
V  [jvm.dll+0x241984]
V  [jvm.dll+0x29853a]
C  [msvcr100.dll+0x21d9f]
C  [msvcr100.dll+0x21e3b]
C  [KERNEL32.DLL+0x13d2]
C  [ntdll.dll+0x154f4]


---------------  P R O C E S S  ---------------

Java Threads: ( => current thread )
  0x000000001f0aa000 JavaThread "DestroyJavaVM" [_thread_blocked, id=7044, stack(0x00000000021c0000,0x00000000022c0000)]
  0x000000001f0ad000 JavaThread "http-nio-8080-AsyncTimeout" daemon [_thread_blocked, id=5972, stack(0x0000000024d50000,0x0000000024e50000)]
  0x000000001f0aa800 JavaThread "http-nio-8080-Acceptor-0" daemon [_thread_in_native, id=7088, stack(0x0000000024c50000,0x0000000024d50000)]
  0x000000001f0ac000 JavaThread "http-nio-8080-ClientPoller-1" daemon [_thread_in_native, id=2340, stack(0x0000000024b50000,0x0000000024c50000)]
  0x000000001f0a7000 JavaThread "http-nio-8080-ClientPoller-0" daemon [_thread_in_native, id=5248, stack(0x0000000024a50000,0x0000000024b50000)]
  0x000000001f0a8800 JavaThread "http-nio-8080-exec-10" daemon [_thread_blocked, id=7432, stack(0x0000000024950000,0x0000000024a50000)]
  0x000000001f0a9000 JavaThread "http-nio-8080-exec-9" daemon [_thread_blocked, id=7608, stack(0x0000000024850000,0x0000000024950000)]
  0x000000001f0a6000 JavaThread "http-nio-8080-exec-8" daemon [_thread_blocked, id=7896, stack(0x0000000024750000,0x0000000024850000)]
  0x000000001f0a7800 JavaThread "http-nio-8080-exec-7" daemon [_thread_blocked, id=7808, stack(0x0000000024650000,0x0000000024750000)]
  0x000000001e6cc800 JavaThread "http-nio-8080-exec-6" daemon [_thread_blocked, id=7792, stack(0x0000000024550000,0x0000000024650000)]
  0x000000001e6cb000 JavaThread "http-nio-8080-exec-5" daemon [_thread_blocked, id=7888, stack(0x0000000024450000,0x0000000024550000)]
  0x000000001e6cd800 JavaThread "http-nio-8080-exec-4" daemon [_thread_blocked, id=7856, stack(0x0000000024350000,0x0000000024450000)]
  0x000000001e6cc000 JavaThread "http-nio-8080-exec-3" daemon [_thread_blocked, id=3512, stack(0x0000000024250000,0x0000000024350000)]
  0x000000001e6c7800 JavaThread "http-nio-8080-exec-2" daemon [_thread_blocked, id=1640, stack(0x00000000217f0000,0x00000000218f0000)]
  0x000000001e6ca800 JavaThread "http-nio-8080-exec-1" daemon [_thread_blocked, id=6160, stack(0x00000000216f0000,0x00000000217f0000)]
  0x000000001e6c9800 JavaThread "NioBlockingSelector.BlockPoller-1" daemon [_thread_in_native, id=6408, stack(0x00000000215f0000,0x00000000216f0000)]
  0x000000001e6c6800 JavaThread "Live Reload Server" daemon [_thread_in_native, id=4176, stack(0x0000000020470000,0x0000000020570000)]
  0x000000001e6c9000 JavaThread "File Watcher" daemon [_thread_blocked, id=7852, stack(0x000000001f9a0000,0x000000001faa0000)]
  0x000000001e6c8000 JavaThread "HikariPool-1 housekeeper" daemon [_thread_blocked, id=2312, stack(0x000000001fb20000,0x000000001fc20000)]
  0x0000000019bee000 JavaThread "container-0" [_thread_blocked, id=2648, stack(0x000000001f6a0000,0x000000001f7a0000)]
  0x00000000198b1800 JavaThread "ContainerBackgroundProcessor[StandardEngine[Tomcat]]" daemon [_thread_blocked, id=3388, stack(0x000000001d5e0000,0x000000001d6e0000)]
  0x000000001703a800 JavaThread "RMI TCP Accept-0" daemon [_thread_in_native, id=7484, stack(0x00000000176d0000,0x00000000177d0000)]
  0x0000000016fdd000 JavaThread "RMI TCP Accept-51389" daemon [_thread_in_native, id=6848, stack(0x00000000175d0000,0x00000000176d0000)]
  0x0000000016fbf000 JavaThread "RMI TCP Accept-0" daemon [_thread_in_native, id=7780, stack(0x00000000174d0000,0x00000000175d0000)]
  0x00000000149ee800 JavaThread "Service Thread" daemon [_thread_blocked, id=8140, stack(0x0000000016bd0000,0x0000000016cd0000)]
  0x00000000149ec800 JavaThread "C1 CompilerThread2" daemon [_thread_blocked, id=7764, stack(0x0000000016ad0000,0x0000000016bd0000)]
  0x00000000149ec000 JavaThread "C2 CompilerThread1" daemon [_thread_blocked, id=5128, stack(0x00000000169d0000,0x0000000016ad0000)]
  0x00000000149bb000 JavaThread "C2 CompilerThread0" daemon [_thread_blocked, id=7012, stack(0x00000000164d0000,0x00000000165d0000)]
  0x00000000149ae000 JavaThread "JDWP Command Reader" daemon [_thread_in_native, id=7524, stack(0x00000000163d0000,0x00000000164d0000)]
  0x00000000149a9800 JavaThread "JDWP Event Helper Thread" daemon [_thread_blocked, id=5196, stack(0x00000000162d0000,0x00000000163d0000)]
=>0x00000000149a7000 JavaThread "JDWP Transport Listener: dt_socket" daemon [_thread_in_vm, id=7436, stack(0x00000000161d0000,0x00000000162d0000)]
  0x0000000014994000 JavaThread "Attach Listener" daemon [_thread_blocked, id=1416, stack(0x0000000015df0000,0x0000000015ef0000)]
  0x0000000014992800 JavaThread "Signal Dispatcher" daemon [_thread_blocked, id=4356, stack(0x0000000015cf0000,0x0000000015df0000)]
  0x00000000023ba800 JavaThread "Finalizer" daemon [_thread_blocked, id=7556, stack(0x0000000015bf0000,0x0000000015cf0000)]
  0x00000000023b2800 JavaThread "Reference Handler" daemon [_thread_blocked, id=7844, stack(0x0000000015af0000,0x0000000015bf0000)]

Other Threads:
  0x0000000014957800 VMThread [stack: 0x00000000159f0000,0x0000000015af0000] [id=4584]
  0x0000000017040800 WatcherThread [stack: 0x00000000177d0000,0x00000000178d0000] [id=4640]

VM state:synchronizing (normal execution)

VM Mutex/Monitor currently owned by a thread:  ([mutex/lock_event])
[0x00000000022c2b00] Threads_lock - owner thread: 0x0000000014957800

Heap:
 PSYoungGen      total 302080K, used 95908K [0x00000000eb400000, 0x0000000100000000, 0x0000000100000000)
  eden space 284160K, 33% used [0x00000000eb400000,0x00000000f11a9130,0x00000000fc980000)
  from space 17920K, 0% used [0x00000000fc980000,0x00000000fc980000,0x00000000fdb00000)
  to   space 18432K, 0% used [0x00000000fee00000,0x00000000fee00000,0x0000000100000000)
 ParOldGen       total 60928K, used 29116K [0x00000000c1c00000, 0x00000000c5780000, 0x00000000eb400000)
  object space 60928K, 47% used [0x00000000c1c00000,0x00000000c386f098,0x00000000c5780000)
 Metaspace       used 60111K, capacity 62626K, committed 62868K, reserved 1103872K
  class space    used 7824K, capacity 8268K, committed 8340K, reserved 1048576K

Card table byte_map: [0x0000000011780000,0x0000000011980000] byte_map_base: 0x0000000011172000

Marking Bits: (ParMarkBitMap*) 0x0000000053cd4040
 Begin Bits: [0x0000000011ed0000, 0x0000000012e60000)
 End Bits:   [0x0000000012e60000, 0x0000000013df0000)

Polling page: 0x0000000000790000

CodeCache: size=245760Kb used=17635Kb max_used=18696Kb free=228125Kb
 bounds [0x00000000023c0000, 0x0000000003640000, 0x00000000113c0000]
 total_blobs=5403 nmethods=4875 adapters=448
 compilation: enabled

Compilation events (10 events):
Event: 314.460 Thread 0x00000000149ec000 5683       4       java.io.File::listFiles (52 bytes)
Event: 314.486 Thread 0x00000000149ec000 nmethod 5683 0x000000000291c890 code [0x000000000291ca20, 0x000000000291cfb8]
Event: 317.549 Thread 0x00000000149bb000 5684       4       org.springframework.boot.devtools.filewatch.FolderSnapshot::collectFiles (99 bytes)
Event: 318.157 Thread 0x00000000149bb000 nmethod 5684 0x0000000002c0c7d0 code [0x0000000002c0cc00, 0x0000000002c111d8]
Event: 340.861 Thread 0x00000000149ec800 5685       1       org.apache.catalina.valves.ValveBase::getNext (5 bytes)
Event: 340.862 Thread 0x00000000149ec800 nmethod 5685 0x00000000028b08d0 code [0x00000000028b0a20, 0x00000000028b0b30]
Event: 342.715 Thread 0x00000000149ec000 5686       4       java.util.HashSet::size (8 bytes)
Event: 342.717 Thread 0x00000000149ec000 nmethod 5686 0x00000000024fa250 code [0x00000000024fa380, 0x00000000024fa418]
Event: 356.663 Thread 0x00000000149bb000 5687       4       java.util.HashSet::isEmpty (8 bytes)
Event: 356.666 Thread 0x00000000149bb000 nmethod 5687 0x0000000002584310 code [0x0000000002584440, 0x00000000025844d8]

GC Heap History (10 events):
Event: 10.249 GC heap before
{Heap before GC invocations=12 (full 2):
 PSYoungGen      total 205824K, used 8799K [0x00000000eb400000, 0x00000000f8b80000, 0x0000000100000000)
  eden space 194048K, 0% used [0x00000000eb400000,0x00000000eb400000,0x00000000f7180000)
  from space 11776K, 74% used [0x00000000f8000000,0x00000000f8897e88,0x00000000f8b80000)
  to   space 13312K, 0% used [0x00000000f7180000,0x00000000f7180000,0x00000000f7e80000)
 ParOldGen       total 27136K, used 17649K [0x00000000c1c00000, 0x00000000c3680000, 0x00000000eb400000)
  object space 27136K, 65% used [0x00000000c1c00000,0x00000000c2d3c598,0x00000000c3680000)
 Metaspace       used 33843K, capacity 35252K, committed 35416K, reserved 1079296K
  class space    used 4324K, capacity 4621K, committed 4696K, reserved 1048576K
Event: 10.356 GC heap after
Heap after GC invocations=12 (full 2):
 PSYoungGen      total 205824K, used 0K [0x00000000eb400000, 0x00000000f8b80000, 0x0000000100000000)
  eden space 194048K, 0% used [0x00000000eb400000,0x00000000eb400000,0x00000000f7180000)
  from space 11776K, 0% used [0x00000000f8000000,0x00000000f8000000,0x00000000f8b80000)
  to   space 13312K, 0% used [0x00000000f7180000,0x00000000f7180000,0x00000000f7e80000)
 ParOldGen       total 45056K, used 18882K [0x00000000c1c00000, 0x00000000c4800000, 0x00000000eb400000)
  object space 45056K, 41% used [0x00000000c1c00000,0x00000000c2e70bb0,0x00000000c4800000)
 Metaspace       used 33843K, capacity 35252K, committed 35416K, reserved 1079296K
  class space    used 4324K, capacity 4621K, committed 4696K, reserved 1048576K
}
Event: 15.308 GC heap before
{Heap before GC invocations=13 (full 2):
 PSYoungGen      total 205824K, used 194048K [0x00000000eb400000, 0x00000000f8b80000, 0x0000000100000000)
  eden space 194048K, 100% used [0x00000000eb400000,0x00000000f7180000,0x00000000f7180000)
  from space 11776K, 0% used [0x00000000f8000000,0x00000000f8000000,0x00000000f8b80000)
  to   space 13312K, 0% used [0x00000000f7180000,0x00000000f7180000,0x00000000f7e80000)
 ParOldGen       total 45056K, used 18882K [0x00000000c1c00000, 0x00000000c4800000, 0x00000000eb400000)
  object space 45056K, 41% used [0x00000000c1c00000,0x00000000c2e70bb0,0x00000000c4800000)
 Metaspace       used 52243K, capacity 54266K, committed 54360K, reserved 1095680K
  class space    used 6828K, capacity 7210K, committed 7256K, reserved 1048576K
Event: 15.351 GC heap after
Heap after GC invocations=13 (full 2):
 PSYoungGen      total 207360K, used 13288K [0x00000000eb400000, 0x00000000ff200000, 0x0000000100000000)
  eden space 194048K, 0% used [0x00000000eb400000,0x00000000eb400000,0x00000000f7180000)
  from space 13312K, 99% used [0x00000000f7180000,0x00000000f7e7a0d8,0x00000000f7e80000)
  to   space 18432K, 0% used [0x00000000fe000000,0x00000000fe000000,0x00000000ff200000)
 ParOldGen       total 45056K, used 26218K [0x00000000c1c00000, 0x00000000c4800000, 0x00000000eb400000)
  object space 45056K, 58% used [0x00000000c1c00000,0x00000000c359a9e0,0x00000000c4800000)
 Metaspace       used 52243K, capacity 54266K, committed 54360K, reserved 1095680K
  class space    used 6828K, capacity 7210K, committed 7256K, reserved 1048576K
}
Event: 19.218 GC heap before
{Heap before GC invocations=14 (full 2):
 PSYoungGen      total 207360K, used 207336K [0x00000000eb400000, 0x00000000ff200000, 0x0000000100000000)
  eden space 194048K, 100% used [0x00000000eb400000,0x00000000f7180000,0x00000000f7180000)
  from space 13312K, 99% used [0x00000000f7180000,0x00000000f7e7a0d8,0x00000000f7e80000)
  to   space 18432K, 0% used [0x00000000fe000000,0x00000000fe000000,0x00000000ff200000)
 ParOldGen       total 45056K, used 26218K [0x00000000c1c00000, 0x00000000c4800000, 0x00000000eb400000)
  object space 45056K, 58% used [0x00000000c1c00000,0x00000000c359a9e0,0x00000000c4800000)
 Metaspace       used 56607K, capacity 58858K, committed 59028K, reserved 1099776K
  class space    used 7391K, capacity 7800K, committed 7828K, reserved 1048576K
Event: 19.250 GC heap after
Heap after GC invocations=14 (full 2):
 PSYoungGen      total 296960K, used 10312K [0x00000000eb400000, 0x00000000fec80000, 0x0000000100000000)
  eden space 284160K, 0% used [0x00000000eb400000,0x00000000eb400000,0x00000000fc980000)
  from space 12800K, 80% used [0x00000000fe000000,0x00000000fea123c0,0x00000000fec80000)
  to   space 17920K, 0% used [0x00000000fc980000,0x00000000fc980000,0x00000000fdb00000)
 ParOldGen       total 45056K, used 32826K [0x00000000c1c00000, 0x00000000c4800000, 0x00000000eb400000)
  object space 45056K, 72% used [0x00000000c1c00000,0x00000000c3c0eb28,0x00000000c4800000)
 Metaspace       used 56607K, capacity 58858K, committed 59028K, reserved 1099776K
  class space    used 7391K, capacity 7800K, committed 7828K, reserved 1048576K
}
Event: 19.292 GC heap before
{Heap before GC invocations=15 (full 2):
 PSYoungGen      total 296960K, used 14854K [0x00000000eb400000, 0x00000000fec80000, 0x0000000100000000)
  eden space 284160K, 1% used [0x00000000eb400000,0x00000000eb86f4b0,0x00000000fc980000)
  from space 12800K, 80% used [0x00000000fe000000,0x00000000fea123c0,0x00000000fec80000)
  to   space 17920K, 0% used [0x00000000fc980000,0x00000000fc980000,0x00000000fdb00000)
 ParOldGen       total 45056K, used 32826K [0x00000000c1c00000, 0x00000000c4800000, 0x00000000eb400000)
  object space 45056K, 72% used [0x00000000c1c00000,0x00000000c3c0eb28,0x00000000c4800000)
 Metaspace       used 56773K, capacity 58986K, committed 59028K, reserved 1099776K
  class space    used 7402K, capacity 7800K, committed 7828K, reserved 1048576K
Event: 19.307 GC heap after
Heap after GC invocations=15 (full 2):
 PSYoungGen      total 302080K, used 269K [0x00000000eb400000, 0x0000000100000000, 0x0000000100000000)
  eden space 284160K, 0% used [0x00000000eb400000,0x00000000eb400000,0x00000000fc980000)
  from space 17920K, 1% used [0x00000000fc980000,0x00000000fc9c3438,0x00000000fdb00000)
  to   space 18432K, 0% used [0x00000000fee00000,0x00000000fee00000,0x0000000100000000)
 ParOldGen       total 45056K, used 40205K [0x00000000c1c00000, 0x00000000c4800000, 0x00000000eb400000)
  object space 45056K, 89% used [0x00000000c1c00000,0x00000000c4343498,0x00000000c4800000)
 Metaspace       used 56773K, capacity 58986K, committed 59028K, reserved 1099776K
  class space    used 7402K, capacity 7800K, committed 7828K, reserved 1048576K
}
Event: 19.307 GC heap before
{Heap before GC invocations=16 (full 3):
 PSYoungGen      total 302080K, used 269K [0x00000000eb400000, 0x0000000100000000, 0x0000000100000000)
  eden space 284160K, 0% used [0x00000000eb400000,0x00000000eb400000,0x00000000fc980000)
  from space 17920K, 1% used [0x00000000fc980000,0x00000000fc9c3438,0x00000000fdb00000)
  to   space 18432K, 0% used [0x00000000fee00000,0x00000000fee00000,0x0000000100000000)
 ParOldGen       total 45056K, used 40205K [0x00000000c1c00000, 0x00000000c4800000, 0x00000000eb400000)
  object space 45056K, 89% used [0x00000000c1c00000,0x00000000c4343498,0x00000000c4800000)
 Metaspace       used 56773K, capacity 58986K, committed 59028K, reserved 1099776K
  class space    used 7402K, capacity 7800K, committed 7828K, reserved 1048576K
Event: 19.570 GC heap after
Heap after GC invocations=16 (full 3):
 PSYoungGen      total 302080K, used 0K [0x00000000eb400000, 0x0000000100000000, 0x0000000100000000)
  eden space 284160K, 0% used [0x00000000eb400000,0x00000000eb400000,0x00000000fc980000)
  from space 17920K, 0% used [0x00000000fc980000,0x00000000fc980000,0x00000000fdb00000)
  to   space 18432K, 0% used [0x00000000fee00000,0x00000000fee00000,0x0000000100000000)
 ParOldGen       total 60928K, used 29116K [0x00000000c1c00000, 0x00000000c5780000, 0x00000000eb400000)
  object space 60928K, 47% used [0x00000000c1c00000,0x00000000c386f098,0x00000000c5780000)
 Metaspace       used 56758K, capacity 58962K, committed 59028K, reserved 1099776K
  class space    used 7399K, capacity 7796K, committed 7828K, reserved 1048576K
}

Deoptimization events (10 events):
Event: 35.283 Thread 0x000000001e6ca800 Uncommon trap: reason=unhandled action=none pc=0x00000000029c8f14 method=java.net.URLClassLoader.findClass(Ljava/lang/String;)Ljava/lang/Class; @ 44
Event: 35.285 Thread 0x000000001e6ca800 Uncommon trap: reason=unhandled action=none pc=0x00000000029c8f14 method=java.net.URLClassLoader.findClass(Ljava/lang/String;)Ljava/lang/Class; @ 44
Event: 35.290 Thread 0x000000001e6ca800 Uncommon trap: reason=unhandled action=none pc=0x00000000029c8f14 method=java.net.URLClassLoader.findClass(Ljava/lang/String;)Ljava/lang/Class; @ 44
Event: 35.298 Thread 0x000000001e6ca800 Uncommon trap: reason=unhandled action=none pc=0x00000000029c8f14 method=java.net.URLClassLoader.findClass(Ljava/lang/String;)Ljava/lang/Class; @ 44
Event: 35.302 Thread 0x000000001e6ca800 Uncommon trap: reason=unhandled action=none pc=0x00000000029c8f14 method=java.net.URLClassLoader.findClass(Ljava/lang/String;)Ljava/lang/Class; @ 44
Event: 35.316 Thread 0x000000001e6ca800 Uncommon trap: reason=unhandled action=none pc=0x00000000029c8f14 method=java.net.URLClassLoader.findClass(Ljava/lang/String;)Ljava/lang/Class; @ 44
Event: 40.859 Thread 0x00000000198b1800 Uncommon trap: reason=unhandled action=none pc=0x00000000029c8f14 method=java.net.URLClassLoader.findClass(Ljava/lang/String;)Ljava/lang/Class; @ 44
Event: 40.862 Thread 0x00000000198b1800 Uncommon trap: reason=unhandled action=none pc=0x00000000029c8f14 method=java.net.URLClassLoader.findClass(Ljava/lang/String;)Ljava/lang/Class; @ 44
Event: 64.492 Thread 0x000000001e6cc000 Uncommon trap: reason=unhandled action=none pc=0x00000000029c8f14 method=java.net.URLClassLoader.findClass(Ljava/lang/String;)Ljava/lang/Class; @ 44
Event: 359.237 Thread 0x000000001e6c9000 Uncommon trap: reason=unstable_if action=reinterpret pc=0x00000000035d73d0 method=java.util.AbstractCollection.containsAll(Ljava/util/Collection;)Z @ 28

Internal exceptions (10 events):
Event: 35.195 Thread 0x000000001e6ca800 Exception <a 'java/lang/ArrayIndexOutOfBoundsException': 39> (0x00000000ee0a2498) thrown at [C:\re\workspace\8-2-build-windows-amd64-cygwin\jdk8u45\3627\hotspot\src\share\vm\interpreter\interpreterRuntime.cpp, line 366]
Event: 35.198 Thread 0x000000001e6ca800 Exception <a 'java/lang/ClassNotFoundException': org/thymeleaf/spring5/view/ThymeleafViewCustomizer> (0x00000000ee0c6048) thrown at [C:\re\workspace\8-2-build-windows-amd64-cygwin\jdk8u45\3627\hotspot\src\share\vm\classfile\systemDictionary.cpp, line 210]
Event: 35.198 Thread 0x000000001e6ca800 Exception <a 'java/lang/ArrayIndexOutOfBoundsException': 118> (0x00000000ee0c8868) thrown at [C:\re\workspace\8-2-build-windows-amd64-cygwin\jdk8u45\3627\hotspot\src\share\vm\interpreter\interpreterRuntime.cpp, line 366]
Event: 35.202 Thread 0x000000001e6ca800 Exception <a 'java/lang/ClassNotFoundException': org/springframework/web/servlet/ViewCustomizer> (0x00000000ee0ea638) thrown at [C:\re\workspace\8-2-build-windows-amd64-cygwin\jdk8u45\3627\hotspot\src\share\vm\classfile\systemDictionary.cpp, line 210]
Event: 35.202 Thread 0x000000001e6ca800 Exception <a 'java/lang/ArrayIndexOutOfBoundsException': 118> (0x00000000ee0ec598) thrown at [C:\re\workspace\8-2-build-windows-amd64-cygwin\jdk8u45\3627\hotspot\src\share\vm\interpreter\interpreterRuntime.cpp, line 366]
Event: 35.206 Thread 0x000000001e6ca800 Exception <a 'java/lang/ClassNotFoundException': org/springframework/beans/factory/BeanNameAwareCustomizer> (0x00000000ee106e98) thrown at [C:\re\workspace\8-2-build-windows-amd64-cygwin\jdk8u45\3627\hotspot\src\share\vm\classfile\systemDictionary.cpp, linœxõªöA@
Event: 35.209 Thread 0x000000001e6ca800 Exception <a 'java/lang/ClassNotFoundException': org/springframework/web/context/ServletContextAwareCustomizer> (0x00000000ee1227e0) thrown at [C:\re\workspace\8-2-build-windows-amd64-cygwin\jdk8u45\3627\hotspot\src\share\vm\classfile\systemDictionary.cpp,
Event: 35.216 Thread 0x000000001e6ca800 Exception <a 'java/lang/ClassNotFoundException': org/springframework/context/ApplicationContextAwareCustomizer> (0x00000000ee13e190) thrown at [C:\re\workspace\8-2-build-windows-amd64-cygwin\jdk8u45\3627\hotspot\src\share\vm\classfile\systemDictionary.cpp,dpÉG!P@
Event: 64.520 Thread 0x000000001e6cc000 Implicit null exception at 0x000000000297f454 to 0x000000000298060e
Event: 64.520 Thread 0x000000001e6cc000 Exception <a 'java/lang/NullPointerException'> (0x00000000eeb2f660) thrown at [C:\re\workspace\8-2-build-windows-amd64-cygwin\jdk8u45\3627\hotspot\src\share\vm\runtime\sharedRuntime.cpp, line 605]

Events (10 events):
Event: 360.102 Executing VM operation: EnterInterpOnlyMode
Event: 360.103 Executing nested VM operation: Deoptimize
Event: 360.104 Executing nested VM operation: Deoptimize done
Event: 360.104 Executing VM operation: EnterInterpOnlyMode done
Event: 360.110 Executing VM operation: GetCurrentLocation
Event: 360.110 Executing VM operation: GetCurrentLocation done
Event: 360.110 Executing VM operation: ChangeSingleStep
Event: 360.110 Executing VM operation: ChangeSingleStep done
Event: 360.116 Executing VM operation: ChangeSingleStep
Event: 360.116 Executing VM operation: ChangeSingleStep done


Dynamic libraries:
0x00007ff6caba0000 - 0x00007ff6cabd7000 	C:\webapp\Java\jdk1.8.0_45\bin\javaw.exe
0x00007ffcbfbd0000 - 0x00007ffcbfd7d000 	C:\WINDOWS\SYSTEM32\ntdll.dll
0x00007ffcbef30000 - 0x00007ffcbf06e000 	C:\WINDOWS\system32\KERNEL32.DLL
0x00007ffcbd140000 - 0x00007ffcbd255000 	C:\WINDOWS\system32\KERNELBASE.dll
0x00007ffcbb8c0000 - 0x00007ffcbb94e000 	C:\WINDOWS\system32\apphelp.dll
0x00007ffcb7e40000 - 0x00007ffcb7e93000 	C:\WINDOWS\AppPatch\AppPatch64\AcGenral.DLL
0x00007ffcbf730000 - 0x00007ffcbf7da000 	C:\WINDOWS\system32\msvcrt.dll
0x00007ffcbd110000 - 0x00007ffcbd13e000 	C:\WINDOWS\system32\SspiCli.dll
0x00007ffcbd9a0000 - 0x00007ffcbd9f4000 	C:\WINDOWS\system32\SHLWAPI.dll
0x00007ffcbd600000 - 0x00007ffcbd777000 	C:\WINDOWS\system32\USER32.dll
0x00007ffcbd460000 - 0x00007ffcbd5f4000 	C:\WINDOWS\system32\ole32.dll
0x00007ffcbda00000 - 0x00007ffcbef2c000 	C:\WINDOWS\system32\SHELL32.dll
0x00007ffcbc320000 - 0x00007ffcbc341000 	C:\WINDOWS\SYSTEM32\USERENV.dll
0x00007ffcbfa60000 - 0x00007ffcbfb0a000 	C:\WINDOWS\system32\ADVAPI32.dll
0x00007ffcae780000 - 0x00007ffcae79e000 	C:\WINDOWS\SYSTEM32\MPR.dll
0x00007ffcbd310000 - 0x00007ffcbd450000 	C:\WINDOWS\system32\RPCRT4.dll
0x00007ffcbf6b0000 - 0x00007ffcbf709000 	C:\WINDOWS\SYSTEM32\sechost.dll
0x00007ffcbd780000 - 0x00007ffcbd992000 	C:\WINDOWS\SYSTEM32\combase.dll
0x00007ffcbf130000 - 0x00007ffcbf27b000 	C:\WINDOWS\system32\GDI32.dll
0x00007ffcbcd00000 - 0x00007ffcbcd15000 	C:\WINDOWS\SYSTEM32\profapi.dll
0x00007ffcbb070000 - 0x00007ffcbb122000 	C:\WINDOWS\SYSTEM32\SHCORE.dll
0x00007ffcbd260000 - 0x00007ffcbd296000 	C:\WINDOWS\system32\IMM32.DLL
0x00007ffcbf280000 - 0x00007ffcbf3d1000 	C:\WINDOWS\system32\MSCTF.dll
0x00007ffcb8d40000 - 0x00007ffcb8fbb000 	C:\WINDOWS\WinSxS\amd64_microsoft.windows.common-controls_6595b64144ccf1df_6.0.9600.18006_none_623f33d3ecbe86e8\COMCTL32.dll
0x0000000053d60000 - 0x0000000053e32000 	C:\webapp\Java\jdk1.8.0_45\jre\bin\msvcr100.dll
0x00000000534d0000 - 0x0000000053d53000 	C:\webapp\Java\jdk1.8.0_45\jre\bin\server\jvm.dll
0x00007ffcb30c0000 - 0x00007ffcb30c9000 	C:\WINDOWS\SYSTEM32\WSOCK32.dll
0x00007ffcb4740000 - 0x00007ffcb4762000 	C:\WINDOWS\SYSTEM32\WINMM.dll
0x00007ffcb5de0000 - 0x00007ffcb5dea000 	C:\WINDOWS\SYSTEM32\VERSION.dll
0x00007ffcbf3e0000 - 0x00007ffcbf3e7000 	C:\WINDOWS\system32\PSAPI.DLL
0x00007ffcbf070000 - 0x00007ffcbf0ca000 	C:\WINDOWS\system32\WS2_32.dll
0x00007ffcb46a0000 - 0x00007ffcb46ca000 	C:\WINDOWS\SYSTEM32\WINMMBASE.dll
0x00007ffcbf3f0000 - 0x00007ffcbf3f9000 	C:\WINDOWS\system32\NSI.dll
0x00007ffcbd010000 - 0x00007ffcbd05f000 	C:\WINDOWS\SYSTEM32\cfgmgr32.dll
0x00007ffcbbb10000 - 0x00007ffcbbb38000 	C:\WINDOWS\SYSTEM32\DEVOBJ.dll
0x00000000534c0000 - 0x00000000534cf000 	C:\webapp\Java\jdk1.8.0_45\jre\bin\verify.dll
0x0000000053490000 - 0x00000000534b9000 	C:\webapp\Java\jdk1.8.0_45\jre\bin\java.dll
0x0000000053450000 - 0x0000000053485000 	C:\webapp\Java\jdk1.8.0_45\jre\bin\jdwp.dll
0x0000000053440000 - 0x0000000053448000 	C:\webapp\Java\jdk1.8.0_45\jre\bin\npt.dll
0x0000000053420000 - 0x0000000053436000 	C:\webapp\Java\jdk1.8.0_45\jre\bin\zip.dll
0x0000000053410000 - 0x0000000053419000 	C:\webapp\Java\jdk1.8.0_45\jre\bin\dt_socket.dll
0x00007ffcb0c30000 - 0x00007ffcb0c45000 	C:\WINDOWS\system32\napinsp.dll
0x00007ffcb0c50000 - 0x00007ffcb0c6a000 	C:\WINDOWS\system32\pnrpnsp.dll
0x00007ffcb8c20000 - 0x00007ffcb8c3b000 	C:\WINDOWS\system32\NLAapi.dll
0x00007ffcbc590000 - 0x00007ffcbc5e9000 	C:\WINDOWS\System32\mswsock.dll
0x00007ffcbc390000 - 0x00007ffcbc434000 	C:\WINDOWS\SYSTEM32\DNSAPI.dll
0x00007ffcb0c70000 - 0x00007ffcb0c7d000 	C:\WINDOWS\System32\winrnr.dll
0x00007ffcb0c80000 - 0x00007ffcb0c94000 	C:\WINDOWS\system32\wshbth.dll
0x00007ffcb67f0000 - 0x00007ffcb685b000 	C:\WINDOWS\System32\fwpuclnt.dll
0x00007ffcb1ca0000 - 0x00007ffcb1caa000 	C:\Windows\System32\rasadhlp.dll
0x0000000053400000 - 0x000000005340d000 	C:\webapp\Java\jdk1.8.0_45\jre\bin\management.dll
0x00000000533e0000 - 0x00000000533fa000 	C:\webapp\Java\jdk1.8.0_45\jre\bin\net.dll
0x00000000533c0000 - 0x00000000533d1000 	C:\webapp\Java\jdk1.8.0_45\jre\bin\nio.dll
0x00007ffcb6c70000 - 0x00007ffcb6c9a000 	C:\WINDOWS\SYSTEM32\IPHLPAPI.DLL
0x00007ffcb6c50000 - 0x00007ffcb6c5a000 	C:\WINDOWS\SYSTEM32\WINNSI.DLL
0x00007ffcbc5f0000 - 0x00007ffcbc610000 	C:\WINDOWS\SYSTEM32\CRYPTSP.dll
0x00007ffcbc200000 - 0x00007ffcbc236000 	C:\WINDOWS\system32\rsaenh.dll
0x00007ffcbc840000 - 0x00007ffcbc866000 	C:\WINDOWS\SYSTEM32\bcrypt.dll
0x00007ffcbcbd0000 - 0x00007ffcbcc33000 	C:\WINDOWS\system32\bcryptprimitives.dll
0x00007ffcbcc40000 - 0x00007ffcbcc4b000 	C:\WINDOWS\SYSTEM32\CRYPTBASE.dll
0x00007ffcb6710000 - 0x00007ffcb6726000 	C:\WINDOWS\SYSTEM32\dhcpcsvc6.DLL
0x00007ffcb6920000 - 0x00007ffcb693a000 	C:\WINDOWS\SYSTEM32\dhcpcsvc.DLL
0x00007ffcb3560000 - 0x00007ffcb36e9000 	C:\WINDOWS\SYSTEM32\dbghelp.dll

VM Arguments:
jvm_args: -agentlib:jdwp=transport=dt_socket,suspend=y,address=localhost:51390 -Dcom.sun.management.jmxremote -Dcom.sun.management.jmxremote.port=51389 -Dcom.sun.management.jmxremote.authenticate=false -Dcom.sun.management.jmxremote.ssl=false -Dspring.liveBeansView.mbeanDomain -Dspring.application.admin.enabled=true -Dfile.encoding=UTF-8 
java_command: com.javafreelancedeveloper.recipewebapp.RecipeWebappApplication --spring.output.ansi.enabled=always
java_class_path (initial): C:\developer\workspace\spring-ws\recipe-webapp\target\classes;C:\webapp\.m2\javax\annotation\javax.annotation-api\1.3.2\javax.annotation-api-1.3.2.jar;C:\webapp\.m2\javax\transaction\javax.transaction-api\1.2\javax.transaction-api-1.2.jar;C:\webapp\.m2\javax\validation\validation-api\2.0.1.Final\validation-api-2.0.1.Final.jar;C:\webapp\.m2\org\springframework\boot\spring-boot-starter-data-jpa\2.0.0.RELEASE\spring-boot-starter-data-jpa-2.0.0.RELEASE.jar;C:\webapp\.m2\org\springframework\boot\spring-boot-starter\2.0.0.RELEASE\spring-boot-starter-2.0.0.RELEASE.jar;C:\webapp\.m2\org\springframework\boot\spring-boot\2.0.0.RELEASE\spring-boot-2.0.0.RELEASE.jar;C:\webapp\.m2\org\springframework\spring-core\5.0.4.RELEASE\spring-core-5.0.4.RELEASE.jar;C:\webapp\.m2\org\springframework\spring-jcl\5.0.4.RELEASE\spring-jcl-5.0.4.RELEASE.jar;C:\webapp\.m2\org\springframework\spring-context\5.0.4.RELEASE\spring-context-5.0.4.RELEASE.jar;C:\webapp\.m2\org\springframework\spring-aop\5.0.4.RELEASE\spring-aop-5.0.4.RELEASE.jar;C:\webapp\.m2\org\springframework\spring-beans\5.0.4.RELEASE\spring-beans-5.0.4.RELEASE.jar;C:\webapp\.m2\org\springframework\spring-expression\5.0.4.RELEASE\spring-expression-5.0.4.RELEASE.jar;C:\webapp\.m2\org\springframework\boot\spring-boot-autoconfigure\2.0.0.RELEASE\spring-boot-autoconfigure-2.0.0.RELEASE.jar;C:\webapp\.m2\org\springframework\boot\spring-boot-starter-logging\2.0.0.RELEASE\spring-boot-starter-logging-2.0.0.RELEASE.jar;C:\webapp\.m2\ch\qos\logback\logback-classic\1.2.3\logback-classic-1.2.3.jar;C:\webapp\.m2\ch\qos\logback\logback-core\1.2.3\logback-core-1.2.3.jar;C:\webapp\.m2\org\slf4j\slf4j-api\1.7.25\slf4j-api-1.7.25.jar;C:\webapp\.m2\org\apache\logging\log4j\log4j-to-slf4j\2.10.0\log4j-to-slf4j-2.10.0.jar;C:\webapp\.m2\org\apache\logging\log4j\log4j-api\2.10.0\log4j-api-2.10.0.jar;C:\webapp\.m2\org\slf4j\jul-to-slf4j\1.7.25\jul-to-slf4j-1.7.25.jar;C:\webapp\.m2\org\yaml\snakeyaml\1.19\snakeyaml-1.19.jar;C:\
Launcher Type: SUN_STANDARD

Environment Variables:
JAVA_HOME=c:\webapp\Java\jdk1.8.0_45
PATH=C:\webapp\Java\jdk1.8.0_45\jre\bin;C:\ProgramData\Oracle\Java\javapath;C:\Program Files (x86)\Intel\iCLS Client\;C:\Program Files\Intel\iCLS Client\;C:\WINDOWS\system32;C:\WINDOWS;C:\WINDOWS\System32\Wbem;C:\WINDOWS\System32\WindowsPowerShell\v1.0\;C:\Program Files\Intel\Intel(R) Management Engine Components\DAL;C:\Program Files\Intel\Intel(R) Management Engine Components\IPT;C:\Program Files (x86)\Intel\Intel(R) Management Engine Components\DAL;C:\Program Files (x86)\Intel\Intel(R) Management Engine Components\IPT;C:\Program Files (x86)\Intel\OpenCL SDK\2.0\bin\x86;C:\Program Files (x86)\Intel\OpenCL SDK\2.0\bin\x64;C:\Program Files\Intel\WiFi\bin\;C:\Program Files\Common Files\Intel\WirelessCommon\;C:\blp\API;C:\blp\API\dde;C:\webapp\apache-maven-3.3.9\bin;C:\webapp\Java\jdk1.8.0_45\bin;C:\Program Files (x86)\WiX Toolset v3.10\bin;C:\Program Files (x86)\Inno Setup 5;C:\Program Files\Git\cmd;C:\Program Files\Amazon\AWSCLI\;C:\Program Files (x86)\sbt\bin;C:\Gradle\gradle-4.6\bin;C:\blp\DAPI;C:\blp\DAPI\DDE
USERNAME=yvette.quinby
OS=Windows_NT
PROCESSOR_IDENTIFIER=Intel64 Family 6 Model 58 Stepping 9, GenuineIntel



---------------  S Y S T E M  ---------------

OS: Windows 8.1 , 64 bit Build 9600 (6.3.9600.17415)

CPU:total 4 (2 cores per cpu, 2 threads per core) family 6 model 58 stepping 9, cmov, cx8, fxsr, mmx, sse, sse2, sse3, ssse3, sse4.1, sse4.2, popcnt, avx, aes, clmul, erms, ht, tsc, tscinvbit, tscinv

Memory: 4k page, physical 4077488k(919340k free), swap 8271792k(3717480k free)

vm_info: Java HotSpot(TM) 64-Bit Server VM (25.45-b02) for windows-amd64 JRE (1.8.0_45-b15), built on Apr 30 2015 12:40:44 by "java_re" with MS VC++ 10.0 (VS2010)

time: Thu Apr 12 12:12:42 2018
elapsed time: 360 seconds (0d 0h 6m 0s)

